<?xml version="1.0" encoding="UTF-8"?>
<!-- Generated by org.testng.reporters.JUnitReportReporter -->
<testsuite hostname="LP-SwatiJaiswal" name="Test1" tests="1" failures="0" timestamp="18 Jul 2017 11:02:58 GMT" time="71.883" errors="0">
  <testcase name="test1" time="71.883" classname="Test1"/>
</testsuite> <!-- Test1 -->
