<?xml version="1.0" encoding="UTF-8"?>
<!-- Generated by org.testng.reporters.JUnitReportReporter -->
<testsuite hostname="LP-SwatiJaiswal" name="test.HomePage.Test1" tests="1" failures="0" timestamp="18 Jul 2017 11:12:49 GMT" time="79.772" errors="0">
  <testcase name="test1" time="79.772" classname="test.HomePage.Test1"/>
</testsuite> <!-- test.HomePage.Test1 -->
