<?xml version="1.0" encoding="UTF-8"?>
<!-- Generated by org.testng.reporters.JUnitReportReporter -->
<testsuite hostname="LP-SwatiJaiswal" name="test.HomePage.HomePageTestCases" tests="2" failures="0" timestamp="23 Aug 2017 07:58:32 GMT" time="65.932" errors="0">
  <testcase name="TC_001SourceDropdown" time="11.453" classname="test.HomePage.HomePageTestCases"/>
  <testcase name="TC_002VerifySearchResults" time="54.479" classname="test.HomePage.HomePageTestCases"/>
</testsuite> <!-- test.HomePage.HomePageTestCases -->
